[dotenv@17.3.1] injecting env (3) from ../.env -- tip: ⚙️  suppress all logs with { quiet: true }
node:events:486
      throw er; // Unhandled 'error' event
      ^

Error: listen EADDRINUSE: address already in use 0.0.0.0:3000
    at Server.setupListenHandle [as _listen2] (node:net:1948:16)
    at listenInCluster (node:net:2005:12)
    at node:net:2214:7
    at process.processTicksAndRejections (node:internal/process/task_queues:90:21)
Emitted 'error' event on Server instance at:
    at emitErrorNT (node:net:1984:8)
    at process.processTicksAndRejections (node:internal/process/task_queues:90:21) {
  code: 'EADDRINUSE',
  errno: -98,
  syscall: 'listen',
  address: '0.0.0.0',
  port: 3000
}

Node.js v24.14.0
[dotenv@17.3.1] injecting env (3) from ../.env -- tip: 🔐 prevent committing .env to code: https://dotenvx.com/precommit
Claw Hub running on http://0.0.0.0:3000
